<?xml version="1.0" encoding="UTF-8"?>
<!-- Generated by org.testng.reporters.JUnitXMLReporter -->
<testsuite ignored="0" hostname="clavis14" failures="0" tests="3" name="Default test" time="55.158" errors="0" timestamp="2024-03-01T17:57:54 IST">
  <testcase classname="practiceproject.TestCase13" name="clickView" time="18.67"/>
  <testcase classname="practiceproject.TestCase13" name="verifyViewPage" time="10.059"/>
  <testcase classname="practiceproject.TestCase13" name="addQuantity" time="15.537"/>
</testsuite> <!-- Default test -->
