<?xml version="1.0" encoding="UTF-8"?>
<testng-results ignored="0" total="3" passed="3" failed="0" skipped="0">
  <reporter-output>
  </reporter-output>
  <suite started-at="2024-03-01T17:56:59 IST" name="Default suite" finished-at="2024-03-01T17:57:54 IST" duration-ms="55158">
    <groups>
    </groups>
    <test started-at="2024-03-01T17:56:59 IST" name="Default test" finished-at="2024-03-01T17:57:54 IST" duration-ms="55158">
      <class name="practiceproject.TestCase13">
        <test-method is-config="true" signature="openBrowse()[pri:0, instance:practiceproject.TestCase13@29ad44e3]" started-at="2024-03-01T17:56:59 IST" name="openBrowse" finished-at="2024-03-01T17:57:10 IST" duration-ms="10792" status="PASS">
          <reporter-output>
          </reporter-output>
        </test-method> <!-- openBrowse -->
        <test-method signature="clickView()[pri:1, instance:practiceproject.TestCase13@29ad44e3]" started-at="2024-03-01T17:57:10 IST" name="clickView" finished-at="2024-03-01T17:57:29 IST" duration-ms="18670" status="PASS">
          <reporter-output>
          </reporter-output>
        </test-method> <!-- clickView -->
        <test-method signature="verifyViewPage()[pri:2, instance:practiceproject.TestCase13@29ad44e3]" started-at="2024-03-01T17:57:29 IST" name="verifyViewPage" finished-at="2024-03-01T17:57:39 IST" depends-on-methods="practiceproject.TestCase13.clickView" duration-ms="10059" status="PASS">
          <reporter-output>
          </reporter-output>
        </test-method> <!-- verifyViewPage -->
        <test-method signature="addQuantity()[pri:3, instance:practiceproject.TestCase13@29ad44e3]" started-at="2024-03-01T17:57:39 IST" name="addQuantity" finished-at="2024-03-01T17:57:54 IST" depends-on-methods="practiceproject.TestCase13.verifyViewPage" duration-ms="15537" status="PASS">
          <reporter-output>
          </reporter-output>
        </test-method> <!-- addQuantity -->
      </class> <!-- practiceproject.TestCase13 -->
    </test> <!-- Default test -->
  </suite> <!-- Default suite -->
</testng-results>
